470	2021-08-25T14:21:26.220	3	36	### SMTP Connected to 'smtp.office365.com' on port 587. (unsecured)
471	2021-08-25T14:21:26.223	3	36	S < "220 PR0P264CA0179.outlook.office365.com Microsoft ESMTP MAIL Service ready at Wed, 25 Aug 2021 12:21:25 +0000"
472	2021-08-25T14:21:26.225	3	36	C > "EHLO [192.168.18.9]"
473	2021-08-25T14:21:26.229	3	36	S < "250-PR0P264CA0179.outlook.office365.com Hello [195.68.52.79]"
474	2021-08-25T14:21:26.229	3	36	S < "250-SIZE 157286400"
475	2021-08-25T14:21:26.229	3	36	S < "250-PIPELINING"
476	2021-08-25T14:21:26.229	3	36	S < "250-DSN"
477	2021-08-25T14:21:26.229	3	36	S < "250-ENHANCEDSTATUSCODES"
478	2021-08-25T14:21:26.229	3	36	S < "250-STARTTLS"
479	2021-08-25T14:21:26.229	3	36	S < "250-8BITMIME"
480	2021-08-25T14:21:26.229	3	36	S < "250-BINARYMIME"
481	2021-08-25T14:21:26.229	3	36	S < "250-CHUNKING"
482	2021-08-25T14:21:26.229	3	36	S < "250 SMTPUTF8"
483	2021-08-25T14:21:26.229	3	36	C > "STARTTLS"
484	2021-08-25T14:21:26.232	3	36	S < "220 2.0.0 SMTP server ready"
485	2021-08-25T14:21:26.232	3	36	### SMTP Encrypted TLS session started.
486	2021-08-25T14:21:26.234	3	36	C > "EHLO [192.168.18.9]"
487	2021-08-25T14:21:26.248	3	36	S < "250-PR0P264CA0179.outlook.office365.com Hello [195.68.52.79]"
488	2021-08-25T14:21:26.248	3	36	S < "250-SIZE 157286400"
489	2021-08-25T14:21:26.248	3	36	S < "250-PIPELINING"
490	2021-08-25T14:21:26.248	3	36	S < "250-DSN"
491	2021-08-25T14:21:26.248	3	36	S < "250-ENHANCEDSTATUSCODES"
492	2021-08-25T14:21:26.248	3	36	S < "250-AUTH LOGIN XOAUTH2"
493	2021-08-25T14:21:26.248	3	36	S < "250-8BITMIME"
494	2021-08-25T14:21:26.248	3	36	S < "250-BINARYMIME"
495	2021-08-25T14:21:26.248	3	36	S < "250-CHUNKING"
496	2021-08-25T14:21:26.248	3	36	S < "250 SMTPUTF8"
497	2021-08-25T14:21:26.248	3	36	C > "AUTH XOAUTH2"
498	2021-08-25T14:21:26.251	3	36	S < "334 "
499	2021-08-25T14:21:26.251	3	36	C > "************************************************************************************************************************************************************************************************************************************************************************************************************************************************************************************************************************************************************************************************************************************************************************************************************************************************************************************************************************************************************************************************************************************************************************************************************************************************************************************************************************************************************************************************************************************************************************************************************************************************************************************************************************************************************************************************************************************************************************************************************************************************************************************************************************************************************************************************************************************************************************************************************************************************************************************************************************************************************************************************************************************************************************************************************************************************************************************************************************************************************************************************************************************************************************************************************************************************************************************************************************************************************************************************************************************************************************************"
500	2021-08-25T14:21:26.649	3	36	S < "235 2.7.0 Authentication successful"
501	2021-08-25T14:21:26.649	3	36	C > "QUIT"
502	2021-08-25T14:21:26.664	3	36	S < "221 2.0.0 Service closing transmission channel"
503	2021-08-25T14:21:26.665	3	36	### SMTP Connection closed
529	2021-08-25T14:22:06.949	3	36	### SMTP Connected to 'smtp.office365.com' on port 587. (unsecured)
530	2021-08-25T14:22:06.952	3	36	S < "220 PR0P264CA0117.outlook.office365.com Microsoft ESMTP MAIL Service ready at Wed, 25 Aug 2021 12:22:06 +0000"
531	2021-08-25T14:22:06.953	3	36	C > "EHLO [192.168.18.9]"
532	2021-08-25T14:22:06.956	3	36	S < "250-PR0P264CA0117.outlook.office365.com Hello [195.68.52.79]"
533	2021-08-25T14:22:06.956	3	36	S < "250-SIZE 157286400"
534	2021-08-25T14:22:06.956	3	36	S < "250-PIPELINING"
535	2021-08-25T14:22:06.956	3	36	S < "250-DSN"
536	2021-08-25T14:22:06.956	3	36	S < "250-ENHANCEDSTATUSCODES"
537	2021-08-25T14:22:06.956	3	36	S < "250-STARTTLS"
538	2021-08-25T14:22:06.956	3	36	S < "250-8BITMIME"
539	2021-08-25T14:22:06.956	3	36	S < "250-BINARYMIME"
540	2021-08-25T14:22:06.956	3	36	S < "250-CHUNKING"
541	2021-08-25T14:22:06.956	3	36	S < "250 SMTPUTF8"
542	2021-08-25T14:22:06.956	3	36	C > "STARTTLS"
543	2021-08-25T14:22:06.959	3	36	S < "220 2.0.0 SMTP server ready"
544	2021-08-25T14:22:06.959	3	36	### SMTP Encrypted TLS session started.
545	2021-08-25T14:22:06.961	3	36	C > "EHLO [192.168.18.9]"
546	2021-08-25T14:22:06.974	3	36	S < "250-PR0P264CA0117.outlook.office365.com Hello [195.68.52.79]"
547	2021-08-25T14:22:06.974	3	36	S < "250-SIZE 157286400"
548	2021-08-25T14:22:06.974	3	36	S < "250-PIPELINING"
549	2021-08-25T14:22:06.974	3	36	S < "250-DSN"
550	2021-08-25T14:22:06.974	3	36	S < "250-ENHANCEDSTATUSCODES"
551	2021-08-25T14:22:06.974	3	36	S < "250-AUTH LOGIN XOAUTH2"
552	2021-08-25T14:22:06.974	3	36	S < "250-8BITMIME"
553	2021-08-25T14:22:06.974	3	36	S < "250-BINARYMIME"
554	2021-08-25T14:22:06.974	3	36	S < "250-CHUNKING"
555	2021-08-25T14:22:06.974	3	36	S < "250 SMTPUTF8"
556	2021-08-25T14:22:06.974	3	36	C > "AUTH XOAUTH2"
557	2021-08-25T14:22:06.977	3	36	S < "334 "
558	2021-08-25T14:22:06.977	3	36	C > "************************************************************************************************************************************************************************************************************************************************************************************************************************************************************************************************************************************************************************************************************************************************************************************************************************************************************************************************************************************************************************************************************************************************************************************************************************************************************************************************************************************************************************************************************************************************************************************************************************************************************************************************************************************************************************************************************************************************************************************************************************************************************************************************************************************************************************************************************************************************************************************************************************************************************************************************************************************************************************************************************************************************************************************************************************************************************************************************************************************************************************************************************************************************************************************************************************************************************************************************************************************************************************************************************************************************************************"
559	2021-08-25T14:22:12.348	3	36	S < "535 5.7.3 Authentication unsuccessful [PR0P264CA0117.FRAP264.PROD.OUTLOOK.COM]"
560	2021-08-25T14:22:12.348	3	36	C > "QUIT"
561	2021-08-25T14:22:12.352	3	36	S < "221 2.0.0 Service closing transmission channel"
562	2021-08-25T14:22:12.352	3	36	### SMTP Connection closed
573	2021-08-25T14:22:39.685	3	36	### SMTP Connected to 'smtp.office365.com' on port 587. (unsecured)
574	2021-08-25T14:22:39.698	3	36	S < "220 PR2P264CA0038.outlook.office365.com Microsoft ESMTP MAIL Service ready at Wed, 25 Aug 2021 12:22:38 +0000"
575	2021-08-25T14:22:39.700	3	36	C > "EHLO [192.168.18.9]"
576	2021-08-25T14:22:39.703	3	36	S < "250-PR2P264CA0038.outlook.office365.com Hello [195.68.52.79]"
577	2021-08-25T14:22:39.703	3	36	S < "250-SIZE 157286400"
578	2021-08-25T14:22:39.703	3	36	S < "250-PIPELINING"
579	2021-08-25T14:22:39.703	3	36	S < "250-DSN"
580	2021-08-25T14:22:39.703	3	36	S < "250-ENHANCEDSTATUSCODES"
581	2021-08-25T14:22:39.703	3	36	S < "250-STARTTLS"
582	2021-08-25T14:22:39.703	3	36	S < "250-8BITMIME"
583	2021-08-25T14:22:39.703	3	36	S < "250-BINARYMIME"
584	2021-08-25T14:22:39.703	3	36	S < "250-CHUNKING"
585	2021-08-25T14:22:39.703	3	36	S < "250 SMTPUTF8"
586	2021-08-25T14:22:39.703	3	36	C > "STARTTLS"
587	2021-08-25T14:22:39.706	3	36	S < "220 2.0.0 SMTP server ready"
588	2021-08-25T14:22:39.706	3	36	### SMTP Encrypted TLS session started.
589	2021-08-25T14:22:39.707	3	36	C > "EHLO [192.168.18.9]"
590	2021-08-25T14:22:39.722	3	36	S < "250-PR2P264CA0038.outlook.office365.com Hello [195.68.52.79]"
591	2021-08-25T14:22:39.722	3	36	S < "250-SIZE 157286400"
592	2021-08-25T14:22:39.722	3	36	S < "250-PIPELINING"
593	2021-08-25T14:22:39.722	3	36	S < "250-DSN"
594	2021-08-25T14:22:39.722	3	36	S < "250-ENHANCEDSTATUSCODES"
595	2021-08-25T14:22:39.722	3	36	S < "250-AUTH LOGIN XOAUTH2"
596	2021-08-25T14:22:39.722	3	36	S < "250-8BITMIME"
597	2021-08-25T14:22:39.722	3	36	S < "250-BINARYMIME"
598	2021-08-25T14:22:39.722	3	36	S < "250-CHUNKING"
599	2021-08-25T14:22:39.722	3	36	S < "250 SMTPUTF8"
600	2021-08-25T14:22:39.722	3	36	C > "AUTH XOAUTH2"
601	2021-08-25T14:22:39.725	3	36	S < "334 "
602	2021-08-25T14:22:39.725	3	36	C > "************************************************************************************************************************************************************************************************************************************************************************************************************************************************************************************************************************************************************************************************************************************************************************************************************************************************************************************************************************************************************************************************************************************************************************************************************************************************************************************************************************************************************************************************************************************************************************************************************************************************************************************************************************************************************************************************************************************************************************************************************************************************************************************************************************************************************************************************************************************************************************************************************************************************************************************************************************************************************************************************************************************************************************************************************************************************************************************************************************************************************************************************************************************************************************************************************************************************************************************************************************************************************************************************************************************************************************************"
603	2021-08-25T14:22:40.077	3	36	S < "235 2.7.0 Authentication successful"
604	2021-08-25T14:22:40.077	3	36	C > "QUIT"
605	2021-08-25T14:22:40.091	3	36	S < "221 2.0.0 Service closing transmission channel"
606	2021-08-25T14:22:40.091	3	36	### SMTP Connection closed
811	2021-08-25T15:35:47.698	3	68	### SMTP Connected to 'smtp.office365.com' on port 587. (unsecured)
812	2021-08-25T15:35:47.701	3	68	S < "220 PR2P264CA0015.outlook.office365.com Microsoft ESMTP MAIL Service ready at Wed, 25 Aug 2021 13:35:47 +0000"
813	2021-08-25T15:35:47.702	3	68	C > "EHLO [192.168.18.9]"
814	2021-08-25T15:35:47.705	3	68	S < "250-PR2P264CA0015.outlook.office365.com Hello [195.68.52.79]"
815	2021-08-25T15:35:47.705	3	68	S < "250-SIZE 157286400"
816	2021-08-25T15:35:47.705	3	68	S < "250-PIPELINING"
817	2021-08-25T15:35:47.705	3	68	S < "250-DSN"
818	2021-08-25T15:35:47.705	3	68	S < "250-ENHANCEDSTATUSCODES"
819	2021-08-25T15:35:47.705	3	68	S < "250-STARTTLS"
820	2021-08-25T15:35:47.705	3	68	S < "250-8BITMIME"
821	2021-08-25T15:35:47.705	3	68	S < "250-BINARYMIME"
822	2021-08-25T15:35:47.705	3	68	S < "250-CHUNKING"
823	2021-08-25T15:35:47.705	3	68	S < "250 SMTPUTF8"
824	2021-08-25T15:35:47.705	3	68	C > "STARTTLS"
825	2021-08-25T15:35:47.708	3	68	S < "220 2.0.0 SMTP server ready"
826	2021-08-25T15:35:47.708	3	68	### SMTP Encrypted TLS session started.
827	2021-08-25T15:35:47.710	3	68	C > "EHLO [192.168.18.9]"
828	2021-08-25T15:35:47.723	3	68	S < "250-PR2P264CA0015.outlook.office365.com Hello [195.68.52.79]"
829	2021-08-25T15:35:47.723	3	68	S < "250-SIZE 157286400"
830	2021-08-25T15:35:47.723	3	68	S < "250-PIPELINING"
831	2021-08-25T15:35:47.723	3	68	S < "250-DSN"
832	2021-08-25T15:35:47.723	3	68	S < "250-ENHANCEDSTATUSCODES"
833	2021-08-25T15:35:47.723	3	68	S < "250-AUTH LOGIN XOAUTH2"
834	2021-08-25T15:35:47.723	3	68	S < "250-8BITMIME"
835	2021-08-25T15:35:47.723	3	68	S < "250-BINARYMIME"
836	2021-08-25T15:35:47.723	3	68	S < "250-CHUNKING"
837	2021-08-25T15:35:47.723	3	68	S < "250 SMTPUTF8"
838	2021-08-25T15:35:47.723	3	68	C > "AUTH XOAUTH2"
839	2021-08-25T15:35:47.727	3	68	S < "334 "
840	2021-08-25T15:35:47.727	3	68	C > "************************************************************************************************************************************************************************************************************************************************************************************************************************************************************************************************************************************************************************************************************************************************************************************************************************************************************************************************************************************************************************************************************************************************************************************************************************************************************************************************************************************************************************************************************************************************************************************************************************************************************************************************************************************************************************************************************************************************************************************************************************************************************************************************************************************************************************************************************************************************************************************************************************************************************************************************************************************************************************************************************************************************************************************************************************************************************************************************************************************************************************************************************************************************************************************************************************************************************************************************************************************************************************************************************************************************************************************"
841	2021-08-25T15:35:48.183	3	68	S < "235 2.7.0 Authentication successful"
842	2021-08-25T15:35:48.183	3	68	C > "QUIT"
843	2021-08-25T15:35:48.198	3	68	S < "221 2.0.0 Service closing transmission channel"
844	2021-08-25T15:35:48.199	3	68	### SMTP Connection closed
882	2021-08-25T15:36:31.681	3	68	### SMTP Connected to 'smtp.office365.com' on port 587. (unsecured)
883	2021-08-25T15:36:31.681	3	68	S < "220 PR3P192CA0008.outlook.office365.com Microsoft ESMTP MAIL Service ready at Wed, 25 Aug 2021 13:36:30 +0000"
884	2021-08-25T15:36:31.683	3	68	C > "EHLO [192.168.18.9]"
885	2021-08-25T15:36:31.685	3	68	S < "250-PR3P192CA0008.outlook.office365.com Hello [195.68.52.79]"
886	2021-08-25T15:36:31.685	3	68	S < "250-SIZE 157286400"
887	2021-08-25T15:36:31.685	3	68	S < "250-PIPELINING"
888	2021-08-25T15:36:31.685	3	68	S < "250-DSN"
889	2021-08-25T15:36:31.685	3	68	S < "250-ENHANCEDSTATUSCODES"
890	2021-08-25T15:36:31.685	3	68	S < "250-STARTTLS"
891	2021-08-25T15:36:31.685	3	68	S < "250-8BITMIME"
892	2021-08-25T15:36:31.685	3	68	S < "250-BINARYMIME"
893	2021-08-25T15:36:31.685	3	68	S < "250-CHUNKING"
894	2021-08-25T15:36:31.685	3	68	S < "250 SMTPUTF8"
895	2021-08-25T15:36:31.685	3	68	C > "STARTTLS"
896	2021-08-25T15:36:31.687	3	68	S < "220 2.0.0 SMTP server ready"
897	2021-08-25T15:36:31.687	3	68	### SMTP Encrypted TLS session started.
898	2021-08-25T15:36:31.689	3	68	C > "EHLO [192.168.18.9]"
899	2021-08-25T15:36:31.699	3	68	S < "250-PR3P192CA0008.outlook.office365.com Hello [195.68.52.79]"
900	2021-08-25T15:36:31.699	3	68	S < "250-SIZE 157286400"
901	2021-08-25T15:36:31.699	3	68	S < "250-PIPELINING"
902	2021-08-25T15:36:31.700	3	68	S < "250-DSN"
903	2021-08-25T15:36:31.700	3	68	S < "250-ENHANCEDSTATUSCODES"
904	2021-08-25T15:36:31.700	3	68	S < "250-AUTH LOGIN XOAUTH2"
905	2021-08-25T15:36:31.700	3	68	S < "250-8BITMIME"
906	2021-08-25T15:36:31.700	3	68	S < "250-BINARYMIME"
907	2021-08-25T15:36:31.700	3	68	S < "250-CHUNKING"
908	2021-08-25T15:36:31.700	3	68	S < "250 SMTPUTF8"
909	2021-08-25T15:36:31.700	3	68	C > "AUTH XOAUTH2"
910	2021-08-25T15:36:31.702	3	68	S < "334 "
911	2021-08-25T15:36:31.702	3	68	C > "************************************************************************************************************************************************************************************************************************************************************************************************************************************************************************************************************************************************************************************************************************************************************************************************************************************************************************************************************************************************************************************************************************************************************************************************************************************************************************************************************************************************************************************************************************************************************************************************************************************************************************************************************************************************************************************************************************************************************************************************************************************************************************************************************************************************************************************************************************************************************************************************************************************************************************************************************************************************************************************************************************************************************************************************************************************************************************************************************************************************************************************************************************************************************************************************************************************************************************************************************************************************************************************************************************************************************************************"
912	2021-08-25T15:36:32.064	3	68	S < "235 2.7.0 Authentication successful"
913	2021-08-25T15:36:32.064	3	68	C > "MAIL FROM:<test.produit@4d.onmicrosoft.com> SMTPUTF8 SIZE=907"
914	2021-08-25T15:36:32.080	3	68	S < "250 2.1.0 Sender OK"
915	2021-08-25T15:36:32.080	3	68	C > "RCPT TO:<fabrice.mainguene@4d.com>"
916	2021-08-25T15:36:32.095	3	68	S < "250 2.1.5 Recipient OK"
917	2021-08-25T15:36:32.095	3	68	C > "DATA"
918	2021-08-25T15:36:32.109	3	68	S < "354 Start mail input; end with <CRLF>.<CRLF>"
919	2021-08-25T15:36:32.109	3	68	C > Message data (907 bytes):
			MIME-Version: 1.0
			Date: Wed, 25 Aug 2021 13:36:31 +0000
			Message-ID: <3B79295542AC1A41A9B8BBBBBFB82885@office365.com>
			From: test.produit@4d.onmicrosoft.com
			To: fabrice.mainguene@4d.com
			Subject: Test email: Hello world!
			Content-Type: multipart/mixed;
				boundary="FD6820B81790284CB104A416196133AC"
			
			--FD6820B81790284CB104A416196133AC
			Content-Type: multipart/alternative;
				boundary="EF07A15AA4EF13499E5752295B7D9557"
			
			
			--EF07A15AA4EF13499E5752295B7D9557
			Content-Type: text/plain;
				format=flowed
			Content-Transfer-Encoding: 7bit
			
			Test email 
			 This is just a test email 
			 Please ignore it
			--EF07A15AA4EF13499E5752295B7D9557
			Content-Type: text/html;
				format=flowed
			Content-Transfer-Encoding: quoted-printable
			
			<html><body><h1>Test email </h1> This is just a test email <br /> Please ign=
			ore it</body></html>
			--EF07A15AA4EF13499E5752295B7D9557--
			
			--FD6820B81790284CB104A416196133AC--
			920	2021-08-25T15:36:32.109	3	68	C > <CR><LF>.<CR><LF>
921	2021-08-25T15:36:32.577	3	68	S < "250 2.0.0 OK <3B79295542AC1A41A9B8BBBBBFB82885@office365.com> [Hostname=AM7PR01MB7041.eurprd01.prod.exchangelabs.com]"
922	2021-08-25T15:36:34.242	3	68	C > "QUIT"
923	2021-08-25T15:36:34.255	3	68	S < "221 2.0.0 Service closing transmission channel"
924	2021-08-25T15:36:34.255	3	68	### SMTP Connection closed
1	2021-08-27T12:04:22.842	3	9	### SMTP Connected to 'smtp.office365.com' on port 587. (unsecured)
2	2021-08-27T12:04:22.842	3	9	S < "220 PR3P189CA0059.outlook.office365.com Microsoft ESMTP MAIL Service ready at Fri, 27 Aug 2021 10:04:21 +0000"
3	2021-08-27T12:04:22.845	3	9	C > "EHLO [192.168.18.9]"
4	2021-08-27T12:04:22.848	3	9	S < "250-PR3P189CA0059.outlook.office365.com Hello [195.68.52.79]"
5	2021-08-27T12:04:22.848	3	9	S < "250-SIZE 157286400"
6	2021-08-27T12:04:22.848	3	9	S < "250-PIPELINING"
7	2021-08-27T12:04:22.848	3	9	S < "250-DSN"
8	2021-08-27T12:04:22.848	3	9	S < "250-ENHANCEDSTATUSCODES"
9	2021-08-27T12:04:22.848	3	9	S < "250-STARTTLS"
10	2021-08-27T12:04:22.848	3	9	S < "250-8BITMIME"
11	2021-08-27T12:04:22.848	3	9	S < "250-BINARYMIME"
12	2021-08-27T12:04:22.848	3	9	S < "250-CHUNKING"
13	2021-08-27T12:04:22.848	3	9	S < "250 SMTPUTF8"
14	2021-08-27T12:04:22.848	3	9	C > "STARTTLS"
15	2021-08-27T12:04:22.851	3	9	S < "220 2.0.0 SMTP server ready"
16	2021-08-27T12:04:22.851	3	9	### SMTP Encrypted TLS session started.
17	2021-08-27T12:04:22.855	3	9	C > "EHLO [192.168.18.9]"
18	2021-08-27T12:04:22.869	3	9	S < "250-PR3P189CA0059.outlook.office365.com Hello [195.68.52.79]"
19	2021-08-27T12:04:22.869	3	9	S < "250-SIZE 157286400"
20	2021-08-27T12:04:22.869	3	9	S < "250-PIPELINING"
21	2021-08-27T12:04:22.869	3	9	S < "250-DSN"
22	2021-08-27T12:04:22.869	3	9	S < "250-ENHANCEDSTATUSCODES"
23	2021-08-27T12:04:22.869	3	9	S < "250-AUTH LOGIN XOAUTH2"
24	2021-08-27T12:04:22.869	3	9	S < "250-8BITMIME"
25	2021-08-27T12:04:22.869	3	9	S < "250-BINARYMIME"
26	2021-08-27T12:04:22.869	3	9	S < "250-CHUNKING"
27	2021-08-27T12:04:22.869	3	9	S < "250 SMTPUTF8"
28	2021-08-27T12:04:22.869	3	9	C > "AUTH XOAUTH2"
29	2021-08-27T12:04:22.871	3	9	S < "334 "
30	2021-08-27T12:04:22.871	3	9	C > "************************************************************************************************************************************************************************************************************************************************************************************************************************************************************************************************************************************************************************************************************************************************************************************************************************************************************************************************************************************************************************************************************************************************************************************************************************************************************************************************************************************************************************************************************************************************************************************************************************************************************************************************************************************************************************************************************************************************************************************************************************************************************************************************************************************************************************************************************************************************************************************************************************************************************************************************************************************************************************************************************************************************************************************************************************************************************************************************************************************************************************************************************************************************************************************************************************************************************************************************************************************************************************************************************************************************************************************"
31	2021-08-27T12:04:23.172	3	9	S < "235 2.7.0 Authentication successful"
32	2021-08-27T12:04:23.172	3	9	C > "QUIT"
33	2021-08-27T12:04:23.185	3	9	S < "221 2.0.0 Service closing transmission channel"
34	2021-08-27T12:04:23.185	3	9	### SMTP Connection closed
92	2021-08-27T12:04:38.773	3	9	### SMTP Connected to 'smtp.office365.com' on port 587. (unsecured)
93	2021-08-27T12:04:38.846	3	9	S < "220 PR3P250CA0020.outlook.office365.com Microsoft ESMTP MAIL Service ready at Fri, 27 Aug 2021 10:04:37 +0000"
94	2021-08-27T12:04:38.851	3	9	C > "EHLO [192.168.18.9]"
95	2021-08-27T12:04:38.853	3	9	S < "250-PR3P250CA0020.outlook.office365.com Hello [195.68.52.79]"
96	2021-08-27T12:04:38.853	3	9	S < "250-SIZE 157286400"
97	2021-08-27T12:04:38.853	3	9	S < "250-PIPELINING"
98	2021-08-27T12:04:38.853	3	9	S < "250-DSN"
99	2021-08-27T12:04:38.853	3	9	S < "250-ENHANCEDSTATUSCODES"
100	2021-08-27T12:04:38.853	3	9	S < "250-STARTTLS"
101	2021-08-27T12:04:38.853	3	9	S < "250-8BITMIME"
102	2021-08-27T12:04:38.853	3	9	S < "250-BINARYMIME"
103	2021-08-27T12:04:38.853	3	9	S < "250-CHUNKING"
104	2021-08-27T12:04:38.853	3	9	S < "250 SMTPUTF8"
105	2021-08-27T12:04:38.853	3	9	C > "STARTTLS"
106	2021-08-27T12:04:38.856	3	9	S < "220 2.0.0 SMTP server ready"
107	2021-08-27T12:04:38.856	3	9	### SMTP Encrypted TLS session started.
108	2021-08-27T12:04:38.860	3	9	C > "EHLO [192.168.18.9]"
109	2021-08-27T12:04:38.903	3	9	S < "250-PR3P250CA0020.outlook.office365.com Hello [195.68.52.79]"
110	2021-08-27T12:04:38.903	3	9	S < "250-SIZE 157286400"
111	2021-08-27T12:04:38.903	3	9	S < "250-PIPELINING"
112	2021-08-27T12:04:38.903	3	9	S < "250-DSN"
113	2021-08-27T12:04:38.903	3	9	S < "250-ENHANCEDSTATUSCODES"
114	2021-08-27T12:04:38.903	3	9	S < "250-AUTH LOGIN XOAUTH2"
115	2021-08-27T12:04:38.904	3	9	S < "250-8BITMIME"
116	2021-08-27T12:04:38.904	3	9	S < "250-BINARYMIME"
117	2021-08-27T12:04:38.904	3	9	S < "250-CHUNKING"
118	2021-08-27T12:04:38.904	3	9	S < "250 SMTPUTF8"
119	2021-08-27T12:04:38.904	3	9	C > "AUTH XOAUTH2"
120	2021-08-27T12:04:38.906	3	9	S < "334 "
121	2021-08-27T12:04:38.906	3	9	C > "************************************************************************************************************************************************************************************************************************************************************************************************************************************************************************************************************************************************************************************************************************************************************************************************************************************************************************************************************************************************************************************************************************************************************************************************************************************************************************************************************************************************************************************************************************************************************************************************************************************************************************************************************************************************************************************************************************************************************************************************************************************************************************************************************************************************************************************************************************************************************************************************************************************************************************************************************************************************************************************************************************************************************************************************************************************************************************************************************************************************************************************************************************************************************************************************************************************************************************************************************************************************************************************************************************************************************************************"
122	2021-08-27T12:04:39.298	3	9	S < "235 2.7.0 Authentication successful"
123	2021-08-27T12:04:39.299	3	9	C > "MAIL FROM:<test.produit@4d.onmicrosoft.com> SMTPUTF8 SIZE=914"
124	2021-08-27T12:04:39.316	3	9	S < "250 2.1.0 Sender OK"
125	2021-08-27T12:04:39.316	3	9	C > "RCPT TO:<test.produit@4d.onmicrosoft.com>"
126	2021-08-27T12:04:39.329	3	9	S < "250 2.1.5 Recipient OK"
127	2021-08-27T12:04:39.329	3	9	C > "DATA"
128	2021-08-27T12:04:39.341	3	9	S < "354 Start mail input; end with <CRLF>.<CRLF>"
129	2021-08-27T12:04:39.342	3	9	C > Message data (914 bytes):
			MIME-Version: 1.0
			Date: Fri, 27 Aug 2021 10:04:38 +0000
			Message-ID: <348AAB796FC75A449BC66BE6A7276574@office365.com>
			From: test.produit@4d.onmicrosoft.com
			To: test.produit@4d.onmicrosoft.com
			Subject: Test email: Hello world!
			Content-Type: multipart/mixed;
				boundary="EBBDD183C083804CB5992543F7B9F5C3"
			
			--EBBDD183C083804CB5992543F7B9F5C3
			Content-Type: multipart/alternative;
				boundary="FB8D16CCACD9D746A44EF0E938C70EB5"
			
			
			--FB8D16CCACD9D746A44EF0E938C70EB5
			Content-Type: text/plain;
				format=flowed
			Content-Transfer-Encoding: 7bit
			
			Test email 
			 This is just a test email 
			 Please ignore it
			--FB8D16CCACD9D746A44EF0E938C70EB5
			Content-Type: text/html;
				format=flowed
			Content-Transfer-Encoding: quoted-printable
			
			<html><body><h1>Test email </h1> This is just a test email <br /> Please ign=
			ore it</body></html>
			--FB8D16CCACD9D746A44EF0E938C70EB5--
			
			--EBBDD183C083804CB5992543F7B9F5C3--
			130	2021-08-27T12:04:39.348	3	9	C > <CR><LF>.<CR><LF>
131	2021-08-27T12:04:39.920	3	9	S < "250 2.0.0 OK <348AAB796FC75A449BC66BE6A7276574@office365.com> [Hostname=AM7PR01MB7041.eurprd01.prod.exchangelabs.com]"
132	2021-08-27T12:04:41.386	3	9	C > "QUIT"
133	2021-08-27T12:04:41.397	3	9	S < "221 2.0.0 Service closing transmission channel"
134	2021-08-27T12:04:41.398	3	9	### SMTP Connection closed
